2022-10-27 15:23:21,317 INFO  [restartedMain] com.tpro.SpringbootIntroApplication:Starting SpringbootIntroApplication using Java 11.0.9 on DESKTOP-VH4NOC8 with PID 11652 (C:\Users\Hp\Documents\workspace-spring-tool-suite-4-4.15.3.RELEASE\springboot-intro\target\classes started by Hp in C:\Users\Hp\Documents\workspace-spring-tool-suite-4-4.15.3.RELEASE\springboot-intro)
2022-10-27 15:23:21,360 INFO  [restartedMain] com.tpro.SpringbootIntroApplication:No active profile set, falling back to default profiles: default
2022-10-27 15:23:21,947 INFO  [restartedMain] org.springframework.boot.devtools.env.DevToolsPropertyDefaultsPostProcessor:Devtools property defaults active! Set 'spring.devtools.add-properties' to 'false' to disable
2022-10-27 15:23:21,953 INFO  [restartedMain] org.springframework.boot.devtools.env.DevToolsPropertyDefaultsPostProcessor:For additional web related logging consider setting the 'logging.level.web' property to 'DEBUG'
2022-10-27 15:23:29,744 INFO  [restartedMain] org.springframework.data.repository.config.RepositoryConfigurationDelegate:Bootstrapping Spring Data JPA repositories in DEFAULT mode.
2022-10-27 15:23:30,026 INFO  [restartedMain] org.springframework.data.repository.config.RepositoryConfigurationDelegate:Finished Spring Data repository scanning in 240 ms. Found 2 JPA repository interfaces.
2022-10-27 15:23:33,571 INFO  [restartedMain] org.springframework.boot.web.embedded.tomcat.TomcatWebServer:Tomcat initialized with port(s): 8080 (http)
2022-10-27 15:23:33,644 INFO  [restartedMain] org.apache.catalina.core.StandardService:Starting service [Tomcat]
2022-10-27 15:23:33,652 INFO  [restartedMain] org.apache.catalina.core.StandardEngine:Starting Servlet engine: [Apache Tomcat/9.0.56]
2022-10-27 15:23:34,323 INFO  [restartedMain] org.apache.catalina.core.ContainerBase.[Tomcat].[localhost].[/]:Initializing Spring embedded WebApplicationContext
2022-10-27 15:23:34,323 INFO  [restartedMain] org.springframework.boot.web.servlet.context.ServletWebServerApplicationContext:Root WebApplicationContext: initialization completed in 12368 ms
2022-10-27 15:23:35,800 INFO  [restartedMain] org.hibernate.jpa.internal.util.LogHelper:HHH000204: Processing PersistenceUnitInfo [name: default]
2022-10-27 15:23:36,031 INFO  [restartedMain] org.hibernate.Version:HHH000412: Hibernate ORM core version 5.6.4.Final
2022-10-27 15:23:36,868 INFO  [restartedMain] org.hibernate.annotations.common.Version:HCANN000001: Hibernate Commons Annotations {5.1.2.Final}
2022-10-27 15:23:37,610 INFO  [restartedMain] com.zaxxer.hikari.HikariDataSource:HikariPool-1 - Starting...
2022-10-27 15:23:39,734 INFO  [restartedMain] com.zaxxer.hikari.HikariDataSource:HikariPool-1 - Start completed.
2022-10-27 15:23:39,841 INFO  [restartedMain] org.hibernate.dialect.Dialect:HHH000400: Using dialect: org.hibernate.dialect.MySQL8Dialect
2022-10-27 15:23:46,703 INFO  [restartedMain] org.hibernate.engine.transaction.jta.platform.internal.JtaPlatformInitiator:HHH000490: Using JtaPlatform implementation: [org.hibernate.engine.transaction.jta.platform.internal.NoJtaPlatform]
2022-10-27 15:23:46,755 INFO  [restartedMain] org.springframework.orm.jpa.LocalContainerEntityManagerFactoryBean:Initialized JPA EntityManagerFactory for persistence unit 'default'
2022-10-27 15:23:49,261 WARN  [restartedMain] org.springframework.boot.autoconfigure.orm.jpa.JpaBaseConfiguration$JpaWebConfiguration:spring.jpa.open-in-view is enabled by default. Therefore, database queries may be performed during view rendering. Explicitly configure spring.jpa.open-in-view to disable this warning
2022-10-27 15:23:50,930 INFO  [restartedMain] org.springframework.security.web.DefaultSecurityFilterChain:Will secure any request with [org.springframework.security.web.context.request.async.WebAsyncManagerIntegrationFilter@47bf9acb, org.springframework.security.web.context.SecurityContextPersistenceFilter@6d22867e, org.springframework.security.web.header.HeaderWriterFilter@fd7b807, org.springframework.security.web.authentication.logout.LogoutFilter@530f90ea, org.springframework.security.web.authentication.www.BasicAuthenticationFilter@5784d065, org.springframework.security.web.savedrequest.RequestCacheAwareFilter@5d170f82, org.springframework.security.web.servletapi.SecurityContextHolderAwareRequestFilter@291df0c5, org.springframework.security.web.authentication.AnonymousAuthenticationFilter@ca00765, org.springframework.security.web.session.SessionManagementFilter@6ac69df8, org.springframework.security.web.access.ExceptionTranslationFilter@1011fbbd, org.springframework.security.web.access.intercept.AuthorizationFilter@40d025e2]
2022-10-27 15:23:54,539 INFO  [restartedMain] org.springframework.boot.devtools.autoconfigure.OptionalLiveReloadServer:LiveReload server is running on port 35729
2022-10-27 15:23:54,561 INFO  [restartedMain] org.springframework.boot.actuate.endpoint.web.EndpointLinksResolver:Exposing 4 endpoint(s) beneath base path '/actuator'
2022-10-27 15:23:54,999 INFO  [restartedMain] org.springframework.boot.web.embedded.tomcat.TomcatWebServer:Tomcat started on port(s): 8080 (http) with context path ''
2022-10-27 15:23:55,062 INFO  [restartedMain] com.tpro.SpringbootIntroApplication:Started SpringbootIntroApplication in 38.287 seconds (JVM running for 42.422)
2022-10-27 15:24:20,563 INFO  [http-nio-8080-exec-1] org.apache.catalina.core.ContainerBase.[Tomcat].[localhost].[/]:Initializing Spring DispatcherServlet 'dispatcherServlet'
2022-10-27 15:24:21,718 WARN  [http-nio-8080-exec-1] org.apache.catalina.util.SessionIdGeneratorBase:Creation of SecureRandom instance for session ID generation using [SHA1PRNG] took [943] milliseconds.
2022-10-27 15:29:52,975 INFO  [RMI TCP Connection(2)-127.0.0.1] org.springframework.boot.admin.SpringApplicationAdminMXBeanRegistrar$SpringApplicationAdmin:Application shutdown requested.
2022-10-27 15:29:54,363 INFO  [RMI TCP Connection(2)-127.0.0.1] org.springframework.orm.jpa.LocalContainerEntityManagerFactoryBean:Closing JPA EntityManagerFactory for persistence unit 'default'
2022-10-27 15:29:54,391 INFO  [RMI TCP Connection(2)-127.0.0.1] com.zaxxer.hikari.HikariDataSource:HikariPool-1 - Shutdown initiated...
2022-10-27 15:29:54,433 INFO  [RMI TCP Connection(2)-127.0.0.1] com.zaxxer.hikari.HikariDataSource:HikariPool-1 - Shutdown completed.
